[01-Feb-2023 09:08:15 UTC] PHP Warning:  Attempt to read property "title" on null in /Users/adam/Documents/GitHub/Yrgo-Exercises/Wordpress/sourscoops/app/public/wp-includes/class-wp-customize-widgets.php on line 900
[01-Feb-2023 09:17:11 UTC] PHP Warning:  Attempt to read property "title" on null in /Users/adam/Documents/GitHub/Yrgo-Exercises/Wordpress/sourscoops/app/public/wp-includes/class-wp-customize-widgets.php on line 900
[01-Feb-2023 09:18:23 UTC] PHP Warning:  Attempt to read property "title" on null in /Users/adam/Documents/GitHub/Yrgo-Exercises/Wordpress/sourscoops/app/public/wp-includes/class-wp-customize-widgets.php on line 900
[01-Feb-2023 09:18:27 UTC] PHP Warning:  Attempt to read property "title" on null in /Users/adam/Documents/GitHub/Yrgo-Exercises/Wordpress/sourscoops/app/public/wp-includes/class-wp-customize-widgets.php on line 900
[01-Feb-2023 09:19:18 UTC] PHP Warning:  Attempt to read property "title" on null in /Users/adam/Documents/GitHub/Yrgo-Exercises/Wordpress/sourscoops/app/public/wp-includes/class-wp-customize-widgets.php on line 900
[01-Feb-2023 09:19:51 UTC] PHP Warning:  Attempt to read property "title" on null in /Users/adam/Documents/GitHub/Yrgo-Exercises/Wordpress/sourscoops/app/public/wp-includes/class-wp-customize-widgets.php on line 900
[01-Feb-2023 09:21:15 UTC] PHP Warning:  Attempt to read property "title" on null in /Users/adam/Documents/GitHub/Yrgo-Exercises/Wordpress/sourscoops/app/public/wp-includes/class-wp-customize-widgets.php on line 900
[01-Feb-2023 09:22:55 UTC] PHP Warning:  Attempt to read property "title" on null in /Users/adam/Documents/GitHub/Yrgo-Exercises/Wordpress/sourscoops/app/public/wp-includes/class-wp-customize-widgets.php on line 900
[01-Feb-2023 09:23:14 UTC] PHP Warning:  Attempt to read property "title" on null in /Users/adam/Documents/GitHub/Yrgo-Exercises/Wordpress/sourscoops/app/public/wp-includes/class-wp-customize-widgets.php on line 900
[01-Feb-2023 10:01:54 UTC] PHP Warning:  Attempt to read property "title" on null in /Users/adam/Documents/GitHub/Yrgo-Exercises/Wordpress/sourscoops/app/public/wp-includes/class-wp-customize-widgets.php on line 900
[01-Feb-2023 10:02:00 UTC] PHP Warning:  Attempt to read property "title" on null in /Users/adam/Documents/GitHub/Yrgo-Exercises/Wordpress/sourscoops/app/public/wp-includes/class-wp-customize-widgets.php on line 900
[01-Feb-2023 11:01:39 UTC] PHP Notice:  fwrite(): Send of 236 bytes failed with errno=32 Broken pipe in /Users/adam/.vscode/extensions/zobo.php-intellisense-1.0.13/vendor/felixfbecker/language-server/src/StderrLogger.php on line 23
[08-Feb-2023 08:39:06 UTC] PHP Notice:  fwrite(): Send of 236 bytes failed with errno=32 Broken pipe in /Users/adam/.vscode/extensions/zobo.php-intellisense-1.0.13/vendor/felixfbecker/language-server/src/StderrLogger.php on line 23
[08-Feb-2023 09:30:05 UTC] PHP Parse error:  syntax error, unexpected token "<" in /Users/adam/Documents/GitHub/Yrgo-Exercises/Wordpress/sourscoops/app/public/wp-content/themes/sourscoops/index.php on line 8
[15-Feb-2023 08:17:49 UTC] PHP Notice:  fwrite(): Send of 235 bytes failed with errno=32 Broken pipe in /Users/adam/.vscode/extensions/zobo.php-intellisense-1.1.0/vendor/felixfbecker/language-server/src/StderrLogger.php on line 23
[15-Feb-2023 10:00:49 UTC] PHP Parse error:  syntax error, unexpected end of file, expecting "elseif" or "else" or "endif" in /Users/adam/Documents/GitHub/Yrgo-Exercises/Wordpress/sourscoops/app/public/wp-content/themes/sourscoops/archive-ice-cream.php on line 17
[15-Feb-2023 10:30:30 UTC] PHP Fatal error:  Uncaught Error: Call to undefined function the_field() in /Users/adam/Documents/GitHub/Yrgo-Exercises/Wordpress/sourscoops/app/public/wp-content/themes/sourscoops/single-ice-cream.php:6
Stack trace:
#0 /Users/adam/Documents/GitHub/Yrgo-Exercises/Wordpress/sourscoops/app/public/wp-includes/template-loader.php(106): include()
#1 /Users/adam/Documents/GitHub/Yrgo-Exercises/Wordpress/sourscoops/app/public/wp-blog-header.php(19): require_once('/Users/adam/Doc...')
#2 /Users/adam/Documents/GitHub/Yrgo-Exercises/Wordpress/sourscoops/app/public/index.php(17): require('/Users/adam/Doc...')
#3 {main}
  thrown in /Users/adam/Documents/GitHub/Yrgo-Exercises/Wordpress/sourscoops/app/public/wp-content/themes/sourscoops/single-ice-cream.php on line 6
[15-Feb-2023 10:30:36 UTC] PHP Fatal error:  Uncaught Error: Call to undefined function the_field() in /Users/adam/Documents/GitHub/Yrgo-Exercises/Wordpress/sourscoops/app/public/wp-content/themes/sourscoops/single-ice-cream.php:6
Stack trace:
#0 /Users/adam/Documents/GitHub/Yrgo-Exercises/Wordpress/sourscoops/app/public/wp-includes/template-loader.php(106): include()
#1 /Users/adam/Documents/GitHub/Yrgo-Exercises/Wordpress/sourscoops/app/public/wp-blog-header.php(19): require_once('/Users/adam/Doc...')
#2 /Users/adam/Documents/GitHub/Yrgo-Exercises/Wordpress/sourscoops/app/public/index.php(17): require('/Users/adam/Doc...')
#3 {main}
  thrown in /Users/adam/Documents/GitHub/Yrgo-Exercises/Wordpress/sourscoops/app/public/wp-content/themes/sourscoops/single-ice-cream.php on line 6
[22-Feb-2023 08:03:07 UTC] Cron reschedule event error for hook: wp_privacy_delete_old_export_files, Error code: could_not_set, Error message: The cron event list could not be saved., Data: {"schedule":"hourly","args":[],"interval":3600}
[22-Feb-2023 10:26:23 UTC] PHP Parse error:  syntax error, unexpected token "<", expecting end of file in /Users/adam/Documents/GitHub/Yrgo-Exercises/Wordpress/sourscoops/app/public/wp-content/themes/sourscoops/front-page.php on line 10
[23-Feb-2023 18:48:26 UTC] PHP Notice:  fwrite(): Send of 235 bytes failed with errno=32 Broken pipe in /Users/adam/.vscode/extensions/zobo.php-intellisense-1.1.2/vendor/felixfbecker/language-server/src/StderrLogger.php on line 23
[20-Mar-2023 13:20:35 UTC] PHP Notice:  fwrite(): Send of 235 bytes failed with errno=32 Broken pipe in /Users/adam/.vscode/extensions/zobo.php-intellisense-1.1.2/vendor/felixfbecker/language-server/src/StderrLogger.php on line 23
