[01-Feb-2023 09:21:23] NOTICE: fpm is running, pid 42643
[01-Feb-2023 09:21:23] NOTICE: ready to handle connections
[01-Feb-2023 09:46:25] NOTICE: Terminating ...
[01-Feb-2023 09:46:25] NOTICE: Terminating ...
[01-Feb-2023 09:46:25] NOTICE: exiting, bye-bye!
[01-Feb-2023 09:52:26] NOTICE: fpm is running, pid 43741
[01-Feb-2023 09:52:26] NOTICE: ready to handle connections
[08-Feb-2023 08:51:01] NOTICE: Terminating ...
[08-Feb-2023 08:51:01] NOTICE: Terminating ...
[08-Feb-2023 08:51:01] NOTICE: exiting, bye-bye!
[08-Feb-2023 09:21:08] NOTICE: fpm is running, pid 27989
[08-Feb-2023 09:21:08] NOTICE: ready to handle connections
[09-Feb-2023 08:25:42] NOTICE: Terminating ...
[09-Feb-2023 08:25:42] NOTICE: Terminating ...
[09-Feb-2023 08:25:42] NOTICE: exiting, bye-bye!
[15-Feb-2023 09:08:06] NOTICE: fpm is running, pid 12030
[15-Feb-2023 09:08:06] NOTICE: ready to handle connections
[20-Feb-2023 08:25:32] NOTICE: Terminating ...
[20-Feb-2023 08:25:32] NOTICE: Terminating ...
[20-Feb-2023 08:25:32] NOTICE: exiting, bye-bye!
[22-Feb-2023 09:03:06] NOTICE: fpm is running, pid 93041
[22-Feb-2023 09:03:06] NOTICE: ready to handle connections
[02-Mar-2023 10:42:38] NOTICE: Terminating ...
[02-Mar-2023 10:42:38] NOTICE: Terminating ...
[02-Mar-2023 10:42:38] NOTICE: exiting, bye-bye!
[23-Mar-2023 11:31:12] NOTICE: fpm is running, pid 21529
[23-Mar-2023 11:31:12] NOTICE: ready to handle connections
[23-Mar-2023 12:53:32] NOTICE: Terminating ...
[23-Mar-2023 12:53:32] NOTICE: Terminating ...
[23-Mar-2023 12:53:32] NOTICE: exiting, bye-bye!
[27-Mar-2023 15:10:41] NOTICE: fpm is running, pid 81110
[27-Mar-2023 15:10:41] NOTICE: ready to handle connections
[27-Mar-2023 15:50:07] NOTICE: Terminating ...
[27-Mar-2023 15:50:07] NOTICE: Terminating ...
[27-Mar-2023 15:50:07] NOTICE: exiting, bye-bye!
[27-Mar-2023 16:05:05] NOTICE: fpm is running, pid 86045
[27-Mar-2023 16:05:05] NOTICE: ready to handle connections
[27-Mar-2023 20:13:21] NOTICE: Terminating ...
[27-Mar-2023 20:13:21] NOTICE: Terminating ...
[27-Mar-2023 20:13:21] NOTICE: exiting, bye-bye!
